<?xml version="1.0" encoding="UTF-8"?>
<!-- Generated by org.testng.reporters.JUnitXMLReporter -->
<testsuite ignored="8" hostname="Amt" failures="0" tests="4" name="Regression" time="0.055" errors="0" timestamp="2024-07-30T22:36:44 IST">
  <testcase classname="test.Test2" name="myCarLoan" time="0.012"/>
  <testcase classname="test.Test1" name="sbi1EMI" time="0.001"/>
  <testcase classname="test.TestCasePeckageLevelWithRegex" name="high2SchoolFriend" time="0.001"/>
  <testcase classname="test.BeforeAndAfterAnnotation" name="getNavigateTo" time="0.002"/>
  <testcase classname="test.Test1" name="sbi2EMI" time="0.0">
    <ignored/>
  </testcase> <!-- sbi2EMI -->
  <testcase classname="test.TestCasePeckageLevelWithRegex" name="plustwoFriend" time="0.0">
    <ignored/>
  </testcase> <!-- plustwoFriend -->
  <testcase classname="test.Test2" name="myHomeLoan" time="0.0">
    <ignored/>
  </testcase> <!-- myHomeLoan -->
  <testcase classname="test.TestCasePeckageLevelWithRegex" name="engineeringFriend" time="0.0">
    <ignored/>
  </testcase> <!-- engineeringFriend -->
  <testcase classname="test.BeforeAndAfterAnnotation" name="clickOnHome" time="0.0">
    <ignored/>
  </testcase> <!-- clickOnHome -->
  <testcase classname="test.Test1" name="bantiMoney" time="0.0">
    <ignored/>
  </testcase> <!-- bantiMoney -->
  <testcase classname="test.Test1" name="hdfcEMI" time="0.0">
    <ignored/>
  </testcase> <!-- hdfcEMI -->
  <testcase classname="test.TestCasePeckageLevelWithRegex" name="high1SchoolFriend" time="0.0">
    <ignored/>
  </testcase> <!-- high1SchoolFriend -->
</testsuite> <!-- Regression -->
