<?xml version="1.0" encoding="UTF-8"?>
<!-- Generated by org.testng.reporters.JUnitXMLReporter -->
<testsuite ignored="2" hostname="Amt" failures="1" tests="8" name="July" time="0.063" errors="0" timestamp="2024-08-03T17:58:36 IST">
  <testcase classname="test.Test2" name="myHomeLoan" time="0.008"/>
  <testcase classname="test.Test1" name="demo" time="0.003">
    <failure type="java.lang.AssertionError" message="expected [true] but found [false]">
      <![CDATA[java.lang.AssertionError: expected [true] but found [false]
at test.Test1.demo(Test1.java:53)
at java.base/java.util.ArrayList.forEach(ArrayList.java:1597)
... Removed 29 stack frames]]>
    </failure>
  </testcase> <!-- demo -->
  <testcase classname="test.Test1" name="hdfcEMI" time="0.005"/>
  <testcase classname="test.Test1" name="sbi1EMI" time="0.001"/>
  <testcase classname="test.Test1" name="runApplication" time="0.001"/>
  <testcase classname="test.Test1" name="runApplication" time="0.001"/>
  <testcase classname="test.Test1" name="runApplication" time="0.002"/>
  <testcase classname="test.Test1" name="bantiMoney" time="0.001"/>
  <testcase classname="test.Test1" name="sbi2EMI" time="0.0">
    <ignored/>
  </testcase> <!-- sbi2EMI -->
  <testcase classname="test.Test2" name="myCarLoan" time="0.0">
    <ignored/>
  </testcase> <!-- myCarLoan -->
</testsuite> <!-- July -->
