<?xml version="1.0" encoding="UTF-8"?>
<!-- Generated by org.testng.reporters.JUnitXMLReporter -->
<testsuite ignored="2" hostname="Amt" failures="0" tests="2" name="My friend" time="0.005" errors="0" timestamp="2024-08-03T17:58:36 IST">
  <testcase classname="test.TestCasePeckageLevelWithRegex" name="engineeringFriend" time="0.002"/>
  <testcase classname="test.TestCasePeckageLevelWithRegex" name="plustwoFriend" time="0.0"/>
  <testcase classname="test.TestCasePeckageLevelWithRegex" name="high2SchoolFriend" time="0.0">
    <ignored/>
  </testcase> <!-- high2SchoolFriend -->
  <testcase classname="test.TestCasePeckageLevelWithRegex" name="high1SchoolFriend" time="0.0">
    <ignored/>
  </testcase> <!-- high1SchoolFriend -->
</testsuite> <!-- My friend -->
